<?xml version="1.0" encoding="UTF-8"?>
<!-- Generated by org.testng.reporters.JUnitXMLReporter -->
<testsuite hostname="LAPTOP-SS33S86Q" failures="0" tests="5" name="Home Page" time="28.063" errors="0" timestamp="17 Jan 2022 09:45:54 GMT">
  <testcase classname="PacktTask.PacktTask.HomePageTest" name="validateAppTitle" time="18.158"/>
  <testcase classname="PacktTask.PacktTask.HomePageTest" name="checkLogo" time="0.153"/>
  <testcase classname="PacktTask.PacktTask.HomePageTest" name="checkOptionForMainMenu" time="0.65"/>
  <testcase classname="PacktTask.PacktTask.HomePageTest" name="viewAllBooks" time="0.283"/>
  <testcase classname="PacktTask.PacktTask.HomePageTest" name="checkCarouselclick" time="0.821"/>
</testsuite> <!-- Home Page -->
