<?xml version="1.0" encoding="UTF-8"?>
<!-- Generated by org.testng.reporters.JUnitXMLReporter -->
<testsuite hostname="LAPTOP-SS33S86Q" failures="0" tests="7" name="Home Page" time="58.57" errors="0" timestamp="17 Jan 2022 20:16:49 GMT">
  <testcase classname="PacktTask.PacktTask.HomePageTest" name="validateAppTitle" time="15.368"/>
  <testcase classname="PacktTask.PacktTask.HomePageTest" name="checkLogo" time="0.173"/>
  <testcase classname="PacktTask.PacktTask.HomePageTest" name="checkNavBarcolor" time="0.083"/>
  <testcase classname="PacktTask.PacktTask.HomePageTest" name="checkNavBarHeight" time="0.065"/>
  <testcase classname="PacktTask.PacktTask.HomePageTest" name="checkOptionForMainMenu" time="0.702"/>
  <testcase classname="PacktTask.PacktTask.HomePageTest" name="viewAllBooks" time="9.275"/>
  <testcase classname="PacktTask.PacktTask.HomePageTest" name="checkCarouselclick" time="2.961"/>
</testsuite> <!-- Home Page -->
