<?xml version="1.0" encoding="UTF-8"?>
<!-- Generated by org.testng.reporters.JUnitXMLReporter -->
<testsuite hostname="LAPTOP-SS33S86Q" failures="0" tests="5" name="Test" time="49.135" errors="0" timestamp="16 Jan 2022 08:12:24 GMT">
  <testcase classname="PacktTask.PacktTask.LandingPageTest" name="verifySignClick" time="0.352"/>
  <testcase classname="PacktTask.PacktTask.LoginPageTest" name="login" time="0.533"/>
  <testcase classname="PacktTask.PacktTask.HomePageTest" name="validateAppTitle" time="0.082"/>
  <testcase classname="PacktTask.PacktTask.HomePageTest" name="checkLogo" time="0.094"/>
  <testcase classname="PacktTask.PacktTask.HomePageTest" name="clickSearch" time="0.297"/>
</testsuite> <!-- Test -->
