<?xml version="1.0" encoding="UTF-8"?>
<!-- Generated by org.testng.reporters.JUnitXMLReporter -->
<testsuite hostname="LAPTOP-SS33S86Q" name="Home Page" tests="5" failures="0" timestamp="16 Jan 2022 21:34:22 GMT" time="27.896" errors="0">
  <testcase name="viewAllBooks" time="14.742" classname="PacktTask.PacktTask.HomePageTest"/>
  <testcase name="checkOptionForMainMenu" time="3.384" classname="PacktTask.PacktTask.HomePageTest"/>
  <testcase name="validateAppTitle" time="0.07" classname="PacktTask.PacktTask.HomePageTest"/>
  <testcase name="checkLogo" time="0.112" classname="PacktTask.PacktTask.HomePageTest"/>
  <testcase name="clickSearch" time="0.744" classname="PacktTask.PacktTask.HomePageTest"/>
</testsuite> <!-- Home Page -->
