<?xml version="1.0" encoding="UTF-8"?>
<testng-results skipped="0" failed="0" total="7" passed="7">
  <reporter-output>
  </reporter-output>
  <suite name="Suite" duration-ms="58505" started-at="2022-01-17T10:20:59Z" finished-at="2022-01-17T10:21:57Z">
    <groups>
    </groups>
    <test name="Landing Page" duration-ms="25162" started-at="2022-01-17T10:20:59Z" finished-at="2022-01-17T10:21:24Z">
      <class name="PacktTask.PacktTask.LandingPageTest">
        <test-method status="PASS" signature="initialize()[pri:0, instance:PacktTask.PacktTask.LandingPageTest@4d15107f]" name="initialize" is-config="true" duration-ms="22683" started-at="2022-01-17T14:20:59Z" finished-at="2022-01-17T14:21:21Z">
          <reporter-output>
          </reporter-output>
        </test-method> <!-- initialize -->
        <test-method status="PASS" signature="verifySignClick()[pri:0, instance:PacktTask.PacktTask.LandingPageTest@4d15107f]" name="verifySignClick" duration-ms="479" started-at="2022-01-17T14:21:21Z" finished-at="2022-01-17T14:21:22Z">
          <reporter-output>
          </reporter-output>
        </test-method> <!-- verifySignClick -->
        <test-method status="PASS" signature="teardown()[pri:0, instance:PacktTask.PacktTask.LandingPageTest@4d15107f]" name="teardown" is-config="true" duration-ms="1968" started-at="2022-01-17T14:21:22Z" finished-at="2022-01-17T14:21:24Z">
          <reporter-output>
          </reporter-output>
        </test-method> <!-- teardown -->
      </class> <!-- PacktTask.PacktTask.LandingPageTest -->
    </test> <!-- Landing Page -->
    <test name="Login Page" duration-ms="9695" started-at="2022-01-17T10:21:25Z" finished-at="2022-01-17T10:21:35Z">
      <class name="PacktTask.PacktTask.LoginPageTest">
        <test-method status="PASS" signature="initialize()[pri:0, instance:PacktTask.PacktTask.LoginPageTest@5c7bfdc1]" name="initialize" is-config="true" duration-ms="8278" started-at="2022-01-17T14:21:25Z" finished-at="2022-01-17T14:21:33Z">
          <reporter-output>
          </reporter-output>
        </test-method> <!-- initialize -->
        <test-method status="PASS" signature="login()[pri:0, instance:PacktTask.PacktTask.LoginPageTest@5c7bfdc1]" name="login" duration-ms="644" started-at="2022-01-17T14:21:33Z" finished-at="2022-01-17T14:21:34Z">
          <reporter-output>
          </reporter-output>
        </test-method> <!-- login -->
        <test-method status="PASS" signature="teardown()[pri:0, instance:PacktTask.PacktTask.LoginPageTest@5c7bfdc1]" name="teardown" is-config="true" duration-ms="773" started-at="2022-01-17T14:21:34Z" finished-at="2022-01-17T14:21:35Z">
          <reporter-output>
          </reporter-output>
        </test-method> <!-- teardown -->
      </class> <!-- PacktTask.PacktTask.LoginPageTest -->
    </test> <!-- Login Page -->
    <test name="Home Page" duration-ms="22458" started-at="2022-01-17T10:21:35Z" finished-at="2022-01-17T10:21:57Z">
      <class name="PacktTask.PacktTask.HomePageTest">
        <test-method status="PASS" signature="initialize()[pri:0, instance:PacktTask.PacktTask.HomePageTest@7dfd3c81]" name="initialize" is-config="true" duration-ms="7863" started-at="2022-01-17T14:21:35Z" finished-at="2022-01-17T14:21:43Z">
          <reporter-output>
          </reporter-output>
        </test-method> <!-- initialize -->
        <test-method status="PASS" signature="validateAppTitle()[pri:0, instance:PacktTask.PacktTask.HomePageTest@7dfd3c81]" name="validateAppTitle" duration-ms="11045" started-at="2022-01-17T14:21:43Z" finished-at="2022-01-17T14:21:54Z">
          <reporter-output>
          </reporter-output>
        </test-method> <!-- validateAppTitle -->
        <test-method status="PASS" signature="checkLogo()[pri:0, instance:PacktTask.PacktTask.HomePageTest@7dfd3c81]" name="checkLogo" duration-ms="133" started-at="2022-01-17T14:21:54Z" finished-at="2022-01-17T14:21:54Z">
          <reporter-output>
          </reporter-output>
        </test-method> <!-- checkLogo -->
        <test-method status="PASS" signature="checkOptionForMainMenu()[pri:0, instance:PacktTask.PacktTask.HomePageTest@7dfd3c81]" name="checkOptionForMainMenu" duration-ms="771" started-at="2022-01-17T14:21:54Z" finished-at="2022-01-17T14:21:54Z">
          <reporter-output>
          </reporter-output>
        </test-method> <!-- checkOptionForMainMenu -->
        <test-method status="PASS" signature="viewAllBooks()[pri:0, instance:PacktTask.PacktTask.HomePageTest@7dfd3c81]" name="viewAllBooks" duration-ms="629" started-at="2022-01-17T14:21:54Z" finished-at="2022-01-17T14:21:55Z">
          <reporter-output>
          </reporter-output>
        </test-method> <!-- viewAllBooks -->
        <test-method status="PASS" signature="checkCarouselclick()[pri:0, instance:PacktTask.PacktTask.HomePageTest@7dfd3c81]" name="checkCarouselclick" duration-ms="847" started-at="2022-01-17T14:21:55Z" finished-at="2022-01-17T14:21:56Z">
          <reporter-output>
          </reporter-output>
        </test-method> <!-- checkCarouselclick -->
        <test-method status="PASS" signature="teardown()[pri:0, instance:PacktTask.PacktTask.HomePageTest@7dfd3c81]" name="teardown" is-config="true" duration-ms="1166" started-at="2022-01-17T14:21:56Z" finished-at="2022-01-17T14:21:57Z">
          <reporter-output>
          </reporter-output>
        </test-method> <!-- teardown -->
      </class> <!-- PacktTask.PacktTask.HomePageTest -->
    </test> <!-- Home Page -->
  </suite> <!-- Suite -->
</testng-results>
