<?xml version="1.0" encoding="UTF-8"?>
<testng-results total="9" passed="9" failed="0" skipped="0">
  <reporter-output>
  </reporter-output>
  <suite started-at="2022-01-17T20:14:42Z" name="Suite" finished-at="2022-01-17T20:16:49Z" duration-ms="126737">
    <groups>
    </groups>
    <test started-at="2022-01-17T20:14:42Z" name="Landing Page" finished-at="2022-01-17T20:15:24Z" duration-ms="41763">
      <class name="PacktTask.PacktTask.LandingPageTest">
        <test-method is-config="true" signature="initialize()[pri:0, instance:PacktTask.PacktTask.LandingPageTest@315df4bb]" started-at="2022-01-18T00:14:42Z" name="initialize" finished-at="2022-01-18T00:15:22Z" duration-ms="40092" status="PASS">
          <reporter-output>
          </reporter-output>
        </test-method> <!-- initialize -->
        <test-method signature="verifySignClick()[pri:0, instance:PacktTask.PacktTask.LandingPageTest@315df4bb]" started-at="2022-01-18T00:15:22Z" name="verifySignClick" finished-at="2022-01-18T00:15:23Z" duration-ms="436" status="PASS">
          <reporter-output>
          </reporter-output>
        </test-method> <!-- verifySignClick -->
        <test-method is-config="true" signature="teardown()[pri:0, instance:PacktTask.PacktTask.LandingPageTest@315df4bb]" started-at="2022-01-18T00:15:23Z" name="teardown" finished-at="2022-01-18T00:15:24Z" duration-ms="1141" status="PASS">
          <reporter-output>
          </reporter-output>
        </test-method> <!-- teardown -->
      </class> <!-- PacktTask.PacktTask.LandingPageTest -->
    </test> <!-- Landing Page -->
    <test started-at="2022-01-17T20:15:26Z" name="Login Page" finished-at="2022-01-17T20:15:50Z" duration-ms="24468">
      <class name="PacktTask.PacktTask.LoginPageTest">
        <test-method is-config="true" signature="initialize()[pri:0, instance:PacktTask.PacktTask.LoginPageTest@5d332969]" started-at="2022-01-18T00:15:26Z" name="initialize" finished-at="2022-01-18T00:15:49Z" duration-ms="23121" status="PASS">
          <reporter-output>
          </reporter-output>
        </test-method> <!-- initialize -->
        <test-method signature="login()[pri:0, instance:PacktTask.PacktTask.LoginPageTest@5d332969]" started-at="2022-01-18T00:15:49Z" name="login" finished-at="2022-01-18T00:15:49Z" duration-ms="539" status="PASS">
          <reporter-output>
          </reporter-output>
        </test-method> <!-- login -->
        <test-method is-config="true" signature="teardown()[pri:0, instance:PacktTask.PacktTask.LoginPageTest@5d332969]" started-at="2022-01-18T00:15:49Z" name="teardown" finished-at="2022-01-18T00:15:50Z" duration-ms="800" status="PASS">
          <reporter-output>
          </reporter-output>
        </test-method> <!-- teardown -->
      </class> <!-- PacktTask.PacktTask.LoginPageTest -->
    </test> <!-- Login Page -->
    <test started-at="2022-01-17T20:15:50Z" name="Home Page" finished-at="2022-01-17T20:16:49Z" duration-ms="58570">
      <class name="PacktTask.PacktTask.HomePageTest">
        <test-method is-config="true" signature="initialize()[pri:0, instance:PacktTask.PacktTask.HomePageTest@530a8454]" started-at="2022-01-18T00:15:50Z" name="initialize" finished-at="2022-01-18T00:16:19Z" duration-ms="28973" status="PASS">
          <reporter-output>
          </reporter-output>
        </test-method> <!-- initialize -->
        <test-method signature="validateAppTitle()[pri:0, instance:PacktTask.PacktTask.HomePageTest@530a8454]" started-at="2022-01-18T00:16:19Z" name="validateAppTitle" finished-at="2022-01-18T00:16:35Z" duration-ms="15368" status="PASS">
          <reporter-output>
          </reporter-output>
        </test-method> <!-- validateAppTitle -->
        <test-method signature="checkLogo()[pri:0, instance:PacktTask.PacktTask.HomePageTest@530a8454]" started-at="2022-01-18T00:16:35Z" name="checkLogo" finished-at="2022-01-18T00:16:35Z" duration-ms="173" status="PASS">
          <reporter-output>
          </reporter-output>
        </test-method> <!-- checkLogo -->
        <test-method signature="checkNavBarcolor()[pri:0, instance:PacktTask.PacktTask.HomePageTest@530a8454]" started-at="2022-01-18T00:16:35Z" name="checkNavBarcolor" finished-at="2022-01-18T00:16:35Z" duration-ms="83" status="PASS">
          <reporter-output>
          </reporter-output>
        </test-method> <!-- checkNavBarcolor -->
        <test-method signature="checkNavBarHeight()[pri:0, instance:PacktTask.PacktTask.HomePageTest@530a8454]" started-at="2022-01-18T00:16:35Z" name="checkNavBarHeight" finished-at="2022-01-18T00:16:35Z" duration-ms="65" status="PASS">
          <reporter-output>
          </reporter-output>
        </test-method> <!-- checkNavBarHeight -->
        <test-method signature="checkOptionForMainMenu()[pri:0, instance:PacktTask.PacktTask.HomePageTest@530a8454]" started-at="2022-01-18T00:16:35Z" name="checkOptionForMainMenu" finished-at="2022-01-18T00:16:36Z" duration-ms="702" status="PASS">
          <reporter-output>
          </reporter-output>
        </test-method> <!-- checkOptionForMainMenu -->
        <test-method signature="viewAllBooks()[pri:0, instance:PacktTask.PacktTask.HomePageTest@530a8454]" started-at="2022-01-18T00:16:36Z" name="viewAllBooks" finished-at="2022-01-18T00:16:45Z" duration-ms="9275" status="PASS">
          <reporter-output>
          </reporter-output>
        </test-method> <!-- viewAllBooks -->
        <test-method signature="checkCarouselclick()[pri:0, instance:PacktTask.PacktTask.HomePageTest@530a8454]" started-at="2022-01-18T00:16:45Z" name="checkCarouselclick" finished-at="2022-01-18T00:16:48Z" duration-ms="2961" status="PASS">
          <reporter-output>
          </reporter-output>
        </test-method> <!-- checkCarouselclick -->
        <test-method is-config="true" signature="teardown()[pri:0, instance:PacktTask.PacktTask.HomePageTest@530a8454]" started-at="2022-01-18T00:16:48Z" name="teardown" finished-at="2022-01-18T00:16:49Z" duration-ms="956" status="PASS">
          <reporter-output>
          </reporter-output>
        </test-method> <!-- teardown -->
      </class> <!-- PacktTask.PacktTask.HomePageTest -->
    </test> <!-- Home Page -->
  </suite> <!-- Suite -->
</testng-results>
