<?xml version="1.0" encoding="UTF-8"?>
<testng-results total="7" passed="7" failed="0" skipped="0">
  <reporter-output>
  </reporter-output>
  <suite started-at="2022-01-17T09:44:41Z" name="Suite" finished-at="2022-01-17T09:45:54Z" duration-ms="73064">
    <groups>
    </groups>
    <test started-at="2022-01-17T09:44:41Z" name="Landing Page" finished-at="2022-01-17T09:45:15Z" duration-ms="34621">
      <class name="PacktTask.PacktTask.LandingPageTest">
        <test-method is-config="true" signature="initialize()[pri:0, instance:PacktTask.PacktTask.LandingPageTest@315df4bb]" started-at="2022-01-17T13:44:41Z" name="initialize" finished-at="2022-01-17T13:45:14Z" duration-ms="33430" status="PASS">
          <reporter-output>
          </reporter-output>
        </test-method> <!-- initialize -->
        <test-method signature="verifySignClick()[pri:0, instance:PacktTask.PacktTask.LandingPageTest@315df4bb]" started-at="2022-01-17T13:45:14Z" name="verifySignClick" finished-at="2022-01-17T13:45:14Z" duration-ms="237" status="PASS">
          <reporter-output>
          </reporter-output>
        </test-method> <!-- verifySignClick -->
        <test-method is-config="true" signature="teardown()[pri:0, instance:PacktTask.PacktTask.LandingPageTest@315df4bb]" started-at="2022-01-17T13:45:14Z" name="teardown" finished-at="2022-01-17T13:45:15Z" duration-ms="931" status="PASS">
          <reporter-output>
          </reporter-output>
        </test-method> <!-- teardown -->
      </class> <!-- PacktTask.PacktTask.LandingPageTest -->
    </test> <!-- Landing Page -->
    <test started-at="2022-01-17T09:45:16Z" name="Login Page" finished-at="2022-01-17T09:45:26Z" duration-ms="9885">
      <class name="PacktTask.PacktTask.LoginPageTest">
        <test-method is-config="true" signature="initialize()[pri:0, instance:PacktTask.PacktTask.LoginPageTest@5d332969]" started-at="2022-01-17T13:45:16Z" name="initialize" finished-at="2022-01-17T13:45:24Z" duration-ms="8688" status="PASS">
          <reporter-output>
          </reporter-output>
        </test-method> <!-- initialize -->
        <test-method signature="login()[pri:0, instance:PacktTask.PacktTask.LoginPageTest@5d332969]" started-at="2022-01-17T13:45:24Z" name="login" finished-at="2022-01-17T13:45:25Z" duration-ms="452" status="PASS">
          <reporter-output>
          </reporter-output>
        </test-method> <!-- login -->
        <test-method is-config="true" signature="teardown()[pri:0, instance:PacktTask.PacktTask.LoginPageTest@5d332969]" started-at="2022-01-17T13:45:25Z" name="teardown" finished-at="2022-01-17T13:45:26Z" duration-ms="741" status="PASS">
          <reporter-output>
          </reporter-output>
        </test-method> <!-- teardown -->
      </class> <!-- PacktTask.PacktTask.LoginPageTest -->
    </test> <!-- Login Page -->
    <test started-at="2022-01-17T09:45:26Z" name="Home Page" finished-at="2022-01-17T09:45:54Z" duration-ms="28063">
      <class name="PacktTask.PacktTask.HomePageTest">
        <test-method is-config="true" signature="initialize()[pri:0, instance:PacktTask.PacktTask.HomePageTest@46292372]" started-at="2022-01-17T13:45:26Z" name="initialize" finished-at="2022-01-17T13:45:33Z" duration-ms="7222" status="PASS">
          <reporter-output>
          </reporter-output>
        </test-method> <!-- initialize -->
        <test-method signature="validateAppTitle()[pri:0, instance:PacktTask.PacktTask.HomePageTest@46292372]" started-at="2022-01-17T13:45:33Z" name="validateAppTitle" finished-at="2022-01-17T13:45:51Z" duration-ms="18158" status="PASS">
          <reporter-output>
          </reporter-output>
        </test-method> <!-- validateAppTitle -->
        <test-method signature="checkLogo()[pri:0, instance:PacktTask.PacktTask.HomePageTest@46292372]" started-at="2022-01-17T13:45:51Z" name="checkLogo" finished-at="2022-01-17T13:45:51Z" duration-ms="153" status="PASS">
          <reporter-output>
          </reporter-output>
        </test-method> <!-- checkLogo -->
        <test-method signature="checkOptionForMainMenu()[pri:0, instance:PacktTask.PacktTask.HomePageTest@46292372]" started-at="2022-01-17T13:45:51Z" name="checkOptionForMainMenu" finished-at="2022-01-17T13:45:52Z" duration-ms="650" status="PASS">
          <reporter-output>
          </reporter-output>
        </test-method> <!-- checkOptionForMainMenu -->
        <test-method signature="viewAllBooks()[pri:0, instance:PacktTask.PacktTask.HomePageTest@46292372]" started-at="2022-01-17T13:45:52Z" name="viewAllBooks" finished-at="2022-01-17T13:45:52Z" duration-ms="283" status="PASS">
          <reporter-output>
          </reporter-output>
        </test-method> <!-- viewAllBooks -->
        <test-method signature="checkCarouselclick()[pri:0, instance:PacktTask.PacktTask.HomePageTest@46292372]" started-at="2022-01-17T13:45:52Z" name="checkCarouselclick" finished-at="2022-01-17T13:45:53Z" duration-ms="821" status="PASS">
          <reporter-output>
          </reporter-output>
        </test-method> <!-- checkCarouselclick -->
        <test-method is-config="true" signature="teardown()[pri:0, instance:PacktTask.PacktTask.HomePageTest@46292372]" started-at="2022-01-17T13:45:53Z" name="teardown" finished-at="2022-01-17T13:45:54Z" duration-ms="766" status="PASS">
          <reporter-output>
          </reporter-output>
        </test-method> <!-- teardown -->
      </class> <!-- PacktTask.PacktTask.HomePageTest -->
    </test> <!-- Home Page -->
  </suite> <!-- Suite -->
</testng-results>
